User Text Segment [00400000]..[00440000]
[00400000] 8fa40000  lw $4, 0($29)            ; 183: lw $a0 0($sp) # argc 
[00400004] 27a50004  addiu $5, $29, 4         ; 184: addiu $a1 $sp 4 # argv 
[00400008] 24a60004  addiu $6, $5, 4          ; 185: addiu $a2 $a1 4 # envp 
[0040000c] 00041080  sll $2, $4, 2            ; 186: sll $v0 $a0 2 
[00400010] 00c23021  addu $6, $6, $2          ; 187: addu $a2 $a2 $v0 
[00400014] 0c100009  jal 0x00400024 [main]    ; 188: jal main 
[00400018] 00000000  nop                      ; 189: nop 
[0040001c] 3402000a  ori $2, $0, 10           ; 191: li $v0 10 
[00400020] 0000000c  syscall                  ; 192: syscall # syscall 10 (exit) 
[00400024] 27bdffe8  addiu $29, $29, -24      ; 19: addiu $sp,$sp,-24 # reserve space on stack (push) 
[00400028] afbf0014  sw $31, 20($29)          ; 20: sw $ra,20($sp) # save previous $ra 
[0040002c] afbe0010  sw $30, 16($29)          ; 21: sw $fp,16($sp) # save previous $fp 
[00400030] 001df021  addu $30, $0, $29        ; 22: move $fp,$sp # set $fp location 
[00400034] 34040007  ori $4, $0, 7            ; 23: li $a0,7 # initialize 1st arg for call 
[00400038] 34050008  ori $5, $0, 8            ; 24: li $a1,8 # initialize 2nd arg for call 
[0040003c] 0c100017  jal 0x0040005c [comp]    ; 25: jal comp # call comp procedure 
[00400040] 001ee821  addu $29, $0, $30        ; 26: move $sp,$fp # reset $sp 
[00400044] 8fbf0014  lw $31, 20($29)          ; 27: lw $ra,20($sp) # restore registers saved in stack frame 
[00400048] 8fbe0010  lw $30, 16($29)          ; 28: lw $fp,16($sp) # 
[0040004c] 27bd0020  addiu $29, $29, 32       ; 29: addiu $sp,$sp,32 # restore the stack pointer (pop) 
[00400050] 03e00008  jr $31                   ; 30: j $ra # return to caller 
[00400054] 3402000a  ori $2, $0, 10           ; 33: li $v0, 10 
[00400058] 0000000c  syscall                  ; 34: syscall # exit 
[0040005c] 27bdffd0  addiu $29, $29, -48      ; 46: addiu $sp,$sp,-48 # reserve space on the stack (push) 
[00400060] afbf002c  sw $31, 44($29)          ; 47: sw $ra,44($sp) # save previous $ra 
[00400064] afbe0028  sw $30, 40($29)          ; 48: sw $fp,40($sp) # save previous $fp 
[00400068] afb10024  sw $17, 36($29)          ; 49: sw $s1,36($sp) # save $s0, $s1 before using them 
[0040006c] afb00020  sw $16, 32($29)          ; 50: sw $s0,32($sp) 
[00400070] 001df021  addu $30, $0, $29        ; 51: move $fp,$sp # set $fp location 
[00400074] afc40030  sw $4, 48($30)           ; 52: sw $a0,48($fp) # save $a0, $a1 (2 arguments m, n of comp) in caller's frame 
[00400078] afc50034  sw $5, 52($30)           ; 53: sw $a1,52($fp) 
[0040007c] 34020001  ori $2, $0, 1            ; 54: li $v0,1 # store local variables a, b in frame (using $v0 as temp) 
[00400080] afc20018  sw $2, 24($30)           ; 55: sw $v0,24($fp) 
[00400084] 34020002  ori $2, $0, 2            ; 56: li $v0,2 
[00400088] afc2001c  sw $2, 28($30)           ; 57: sw $v0,28($fp) 
[0040008c] 34100005  ori $16, $0, 5           ; 58: li $s0,5 # register variables x, y stored in $s0, $s1 
[00400090] 34110006  ori $17, $0, 6           ; 59: li $s1,6 
[00400094] afb00010  sw $16, 16($29)          ; 60: sw $s0,16($sp) # pass arguments 5, 6 (x, y) via the stack 
[00400098] afb10014  sw $17, 20($29)          ; 61: sw $s1,20($sp) 
[0040009c] 8fc40018  lw $4, 24($30)           ; 62: lw $a0,24($fp) # put 1st 4 (a,b, m, n) arguments for call to args6 into $a0-$a3 
[004000a0] 8fc5001c  lw $5, 28($30)           ; 63: lw $a1,28($fp) 
[004000a4] 8fc60030  lw $6, 48($30)           ; 64: lw $a2,48($fp) 
[004000a8] 8fc70034  lw $7, 52($30)           ; 65: lw $a3,52($fp) 
[004000ac] 0c100034  jal 0x004000d0 [args6]   ; 66: jal args6 # call args6 procedure 
[004000b0] 02111021  addu $2, $16, $17        ; 67: addu $v0,$s0,$s1 # put the sum of x+y into return register $v0 
[004000b4] 001ee821  addu $29, $0, $30        ; 68: move $sp,$fp # set the stack pointer back to the frame pointer 
[004000b8] 8fbf002c  lw $31, 44($29)          ; 69: lw $ra,44($sp) # restore registers saved in stack frame 
[004000bc] 8fbe0028  lw $30, 40($29)          ; 70: lw $fp,40($sp) 
[004000c0] 8fb10024  lw $17, 36($29)          ; 71: lw $s1,36($sp) 
[004000c4] 8fb00020  lw $16, 32($29)          ; 72: lw $s0,32($sp) 
[004000c8] 27bd0030  addiu $29, $29, 48       ; 73: addiu $sp,$sp,48 # restore the stack pointer (pop) 
[004000cc] 03e00008  jr $31                   ; 74: j $ra # return to the caller 
[004000d0] 27bdfff8  addiu $29, $29, -8       ; 83: addiu $sp,$sp,-8 # reserve space on the stack (push) 
[004000d4] afbe0000  sw $30, 0($29)           ; 84: sw $fp,0($sp) # save previous $fp 
[004000d8] 001df021  addu $30, $0, $29        ; 85: move $fp,$sp # set $fp location 
[004000dc] afc40008  sw $4, 8($30)            ; 86: sw $a0,8($fp) # back up 1st 4 arguments into caller's frame 
[004000e0] afc5000c  sw $5, 12($30)           ; 87: sw $a1,12($fp) # 
[004000e4] afc60010  sw $6, 16($30)           ; 88: sw $a2,16($fp) # 
[004000e8] afc70014  sw $7, 20($30)           ; 89: sw $a3,20($fp) # 
[004000ec] 8fc30008  lw $3, 8($30)            ; 90: lw $v1,8($fp) # load and add the 1st 4 args and put sum in $v0 
[004000f0] 8fc2000c  lw $2, 12($30)           ; 91: lw $v0,12($fp) # 
[004000f4] 00621021  addu $2, $3, $2          ; 92: addu $v0,$v1,$v0 # 
[004000f8] 8fc30010  lw $3, 16($30)           ; 93: lw $v1,16($fp) # 
[004000fc] 00431021  addu $2, $2, $3          ; 94: addu $v0,$v0,$v1 # 
[00400100] 8fc30014  lw $3, 20($30)           ; 95: lw $v1,20($fp) # 
[00400104] 00431021  addu $2, $2, $3          ; 96: addu $v0,$v0,$v1 # 
[00400108] 8fc30018  lw $3, 24($30)           ; 97: lw $v1,24($fp) # load 5th argument from 24($fp) and add to $v0 
[0040010c] 00431021  addu $2, $2, $3          ; 98: addu $v0,$v0,$v1 # 
[00400110] 8fc3001c  lw $3, 28($30)           ; 99: lw $v1,28($fp) # load 6th argument from 28($fp) and add to $v0 
[00400114] 00431021  addu $2, $2, $3          ; 100: addu $v0,$v0,$v1 # 
[00400118] 001ee821  addu $29, $0, $30        ; 101: move $sp,$fp # reset $sp to $fp 
[0040011c] 8fbe0000  lw $30, 0($29)           ; 102: lw $fp,0($sp) # restore old value of $fp 
[00400120] 27bd0008  addiu $29, $29, 8        ; 103: addiu $sp,$sp,8 # restore the stack pointer (pop) 
[00400124] 03e00008  jr $31                   ; 104: j $ra # return to caller 

Kernel Text Segment [80000000]..[80010000]
[80000180] 0001d821  addu $27, $0, $1         ; 90: move $k1 $at # Save $at 
[80000184] 3c019000  lui $1, -28672           ; 92: sw $v0 s1 # Not re-entrant and we can't trust $sp 
[80000188] ac220200  sw $2, 512($1)           
[8000018c] 3c019000  lui $1, -28672           ; 93: sw $a0 s2 # But we need to use these registers 
[80000190] ac240204  sw $4, 516($1)           
[80000194] 401a6800  mfc0 $26, $13            ; 95: mfc0 $k0 $13 # Cause register 
[80000198] 001a2082  srl $4, $26, 2           ; 96: srl $a0 $k0 2 # Extract ExcCode Field 
[8000019c] 3084001f  andi $4, $4, 31          ; 97: andi $a0 $a0 0x1f 
[800001a0] 34020004  ori $2, $0, 4            ; 101: li $v0 4 # syscall 4 (print_str) 
[800001a4] 3c049000  lui $4, -28672 [__m1_]   ; 102: la $a0 __m1_ 
[800001a8] 0000000c  syscall                  ; 103: syscall 
[800001ac] 34020001  ori $2, $0, 1            ; 105: li $v0 1 # syscall 1 (print_int) 
[800001b0] 001a2082  srl $4, $26, 2           ; 106: srl $a0 $k0 2 # Extract ExcCode Field 
[800001b4] 3084001f  andi $4, $4, 31          ; 107: andi $a0 $a0 0x1f 
[800001b8] 0000000c  syscall                  ; 108: syscall 
[800001bc] 34020004  ori $2, $0, 4            ; 110: li $v0 4 # syscall 4 (print_str) 
[800001c0] 3344003c  andi $4, $26, 60         ; 111: andi $a0 $k0 0x3c 
[800001c4] 3c019000  lui $1, -28672           ; 112: lw $a0 __excp($a0) 
[800001c8] 00240821  addu $1, $1, $4          
[800001cc] 8c240180  lw $4, 384($1)           
[800001d0] 00000000  nop                      ; 113: nop 
[800001d4] 0000000c  syscall                  ; 114: syscall 
[800001d8] 34010018  ori $1, $0, 24           ; 116: bne $k0 0x18 ok_pc # Bad PC exception requires special checks 
[800001dc] 143a0008  bne $1, $26, 32 [ok_pc-0x800001dc] 
[800001e0] 00000000  nop                      ; 117: nop 
[800001e4] 40047000  mfc0 $4, $14             ; 119: mfc0 $a0 $14 # EPC 
[800001e8] 30840003  andi $4, $4, 3           ; 120: andi $a0 $a0 0x3 # Is EPC word-aligned? 
[800001ec] 10040004  beq $0, $4, 16 [ok_pc-0x800001ec]
[800001f0] 00000000  nop                      ; 122: nop 
[800001f4] 3402000a  ori $2, $0, 10           ; 124: li $v0 10 # Exit on really bad PC 
[800001f8] 0000000c  syscall                  ; 125: syscall 
[800001fc] 34020004  ori $2, $0, 4            ; 128: li $v0 4 # syscall 4 (print_str) 
[80000200] 3c019000  lui $1, -28672 [__m2_]   ; 129: la $a0 __m2_ 
[80000204] 3424000d  ori $4, $1, 13 [__m2_]   
[80000208] 0000000c  syscall                  ; 130: syscall 
[8000020c] 001a2082  srl $4, $26, 2           ; 132: srl $a0 $k0 2 # Extract ExcCode Field 
[80000210] 3084001f  andi $4, $4, 31          ; 133: andi $a0 $a0 0x1f 
[80000214] 14040002  bne $0, $4, 8 [ret-0x80000214]; 134: bne $a0 0 ret # 0 means exception was an interrupt 
[80000218] 00000000  nop                      ; 135: nop 
[8000021c] 401a7000  mfc0 $26, $14            ; 145: mfc0 $k0 $14 # Bump EPC register 
[80000220] 275a0004  addiu $26, $26, 4        ; 146: addiu $k0 $k0 4 # Skip faulting instruction 
[80000224] 409a7000  mtc0 $26, $14            ; 148: mtc0 $k0 $14 
[80000228] 3c019000  lui $1, -28672           ; 153: lw $v0 s1 # Restore other registers 
[8000022c] 8c220200  lw $2, 512($1)           
[80000230] 3c019000  lui $1, -28672           ; 154: lw $a0 s2 
[80000234] 8c240204  lw $4, 516($1)           
[80000238] 001b0821  addu $1, $0, $27         ; 157: move $at $k1 # Restore $at 
[8000023c] 40806800  mtc0 $0, $13             ; 160: mtc0 $0 $13 # Clear Cause register 
[80000240] 401a6000  mfc0 $26, $12            ; 162: mfc0 $k0 $12 # Set Status register 
[80000244] 375a0001  ori $26, $26, 1          ; 163: ori $k0 0x1 # Interrupts enabled 
[80000248] 409a6000  mtc0 $26, $12            ; 164: mtc0 $k0 $12 
[8000024c] 42000018  eret                     ; 167: eret 


User data segment [10000000]..[10040000]
[10000000]..[1003ffff]  00000000


User Stack [7ffff200]..[80000000]
[7ffff200]    00000001  7ffff30c  00000000  7ffffff5    . . . . . . . . . . . . . . . . 
[7ffff210]    7fffffe3  7fffffcd  7fffffbc  7fffff8d    . . . . . . . . . . . . . . . . 
[7ffff220]    7fffff7e  7fffff49  7fffff3e  7fffff2e    ~ . . . I . . . > . . . . . . . 
[7ffff230]    7fffff17  7fffff06  7ffffef4  7ffffee3    . . . . . . . . . . . . . . . . 
[7ffff240]    7ffffe9f  7ffffe6b  7ffffe3c  7ffffe33    . . . . k . . . < . . . 3 . . . 
[7ffff250]    7ffff912  7ffff8d8  7ffff8a4  7ffff874    . . . . . . . . . . . . t . . . 
[7ffff260]    7ffff812  7ffff7df  7ffff79b  7ffff6e5    . . . . . . . . . . . . . . . . 
[7ffff270]    7ffff6ce  7ffff6bc  7ffff69b  7ffff692    . . . . . . . . . . . . . . . . 
[7ffff280]    7ffff666  7ffff652  7ffff63b  7ffff62a    f . . . R . . . ; . . . * . . . 
[7ffff290]    7ffff61b  7ffff5e5  7ffff5d3  7ffff5b6    . . . . . . . . . . . . . . . . 
[7ffff2a0]    7ffff5a4  7ffff58a  7ffff57b  7ffff56c    . . . . . . . . { . . . l . . . 
[7ffff2b0]    7ffff564  7ffff555  7ffff529  7ffff51d    d . . . U . . . ) . . . . . . . 
[7ffff2c0]    7ffff503  7ffff4b4  7ffff4a2  7ffff466    . . . . . . . . . . . . f . . . 
[7ffff2d0]    7ffff446  7ffff43c  7ffff427  7ffff408    F . . . < . . . ' . . . . . . . 
[7ffff2e0]    7ffff3fd  7ffff3e3  7ffff3d0  7ffff3ae    . . . . . . . . . . . . . . . . 
[7ffff2f0]    7ffff38d  7ffff374  7ffff353  7ffff341    . . . . t . . . S . . . A . . . 
[7ffff300]    00000000  00000000  00000000  6d6f682f    . . . . . . . . . . . . / h o m 
[7ffff310]    626a2f65  69672f62  646e2f74  6d6f632d    e / j b b / g i t / n d - c o m 
[7ffff320]    63726170  696d2f68  652d7370  706d6178    p a r c h / m i p s - e x a m p 
[7ffff330]    2f73656c  63617473  61632d6b  732e6c6c    l e s / s t a c k - c a l l . s 
[7ffff340]    2f3d5f00  2f727375  2f6e6962  70737471    . _ = / u s r / b i n / q t s p 
[7ffff350]    58006d69  48545541  5449524f  682f3d59    i m . X A U T H O R I T Y = / h 
[7ffff360]    2f656d6f  2f62626a  7561582e  726f6874    o m e / j b b / . X a u t h o r 
[7ffff370]    00797469  4f4c4f43  52455452  6e673d4d    i t y . C O L O R T E R M = g n 
[7ffff380]    2d656d6f  6d726574  6c616e69  58455400    o m e - t e r m i n a l . T E X 
[7ffff390]    4d4f4454  444e4941  2f3d5249  2f727375    T D O M A I N D I R = / u s r / 
[7ffff3a0]    72616873  6f6c2f65  656c6163  454c002f    s h a r e / l o c a l e / . L E 
[7ffff3b0]    4c435353  3d45534f  7273752f  6e69622f    S S C L O S E = / u s r / b i n 
[7ffff3c0]    73656c2f  70697073  73252065  00732520    / l e s s p i p e   % s   % s . 
[7ffff3d0]    5f4b5447  4d5f4d49  4c55444f  62693d45    G T K _ I M _ M O D U L E = i b 
[7ffff3e0]    58007375  435f4744  45525255  445f544e    u s . X D G _ C U R R E N T _ D 
[7ffff3f0]    544b5345  553d504f  7974696e  53494400    E S K T O P = U n i t y . D I S 
[7ffff400]    59414c50  00303a3d  5f474458  544e5552    P L A Y = : 0 . X D G _ R U N T 
[7ffff410]    5f454d49  3d524944  6e75722f  6573752f    I M E _ D I R = / r u n / u s e 
[7ffff420]    30312f72  54003030  44545845  49414d4f    r / 1 0 0 0 . T E X T D O M A I 
[7ffff430]    6d693d4e  6e6f632d  00676966  54534e49    N = i m - c o n f i g . I N S T 
[7ffff440]    45434e41  454c003d  504f5353  7c3d4e45    A N C E = . L E S S O P E N = | 
[7ffff450]    73752f20  69622f72  656c2f6e  69707373      / u s r / b i n / l e s s p i 
[7ffff460]    25206570  42440073  535f5355  49535345    p e   % s . D B U S _ S E S S I 
[7ffff470]    425f4e4f  415f5355  45524444  753d5353    O N _ B U S _ A D D R E S S = u 
[7ffff480]    3a78696e  74736261  74636172  6d742f3d    n i x : a b s t r a c t = / t m 
[7ffff490]    62642f70  792d7375  6f517a67  5a376436    p / d b u s - y g z Q o 6 d 7 Z 
[7ffff4a0]    5451006a  4d495f34  444f4d5f  3d454c55    j . Q T 4 _ I M _ M O D U L E = 
[7ffff4b0]    006d6978  5f474458  41544144  5249445f    x i m . X D G _ D A T A _ D I R 
[7ffff4c0]    752f3d53  732f7273  65726168  7562752f    S = / u s r / s h a r e / u b u 
[7ffff4d0]    3a75746e  7273752f  6168732f  672f6572    n t u : / u s r / s h a r e / g 
[7ffff4e0]    656d6f6e  73752f3a  6f6c2f72  2f6c6163    n o m e : / u s r / l o c a l / 
[7ffff4f0]    72616873  2f3a2f65  2f727375  72616873    s h a r e / : / u s r / s h a r 
[7ffff500]    43002f65  49504d4f  49425f5a  41505f4e    e / . C O M P I Z _ B I N _ P A 
[7ffff510]    2f3d4854  2f727375  2f6e6962  474f4c00    T H = / u s r / b i n / . L O G 
[7ffff520]    454d414e  62626a3d  4f4e4700  445f454d    N A M E = j b b . G N O M E _ D 
[7ffff530]    544b5345  535f504f  49535345  495f4e4f    E S K T O P _ S E S S I O N _ I 
[7ffff540]    68743d44  692d7369  65642d73  63657270    D = t h i s - i s - d e p r e c 
[7ffff550]    64657461  4e414c00  47415547  6e653d45    a t e d . L A N G U A G E = e n 
[7ffff560]    0053555f  564c4853  00313d4c  454d4f48    _ U S . S H L V L = 1 . H O M E 
[7ffff570]    6f682f3d  6a2f656d  58006262  535f4744    = / h o m e / j b b . X D G _ S 
[7ffff580]    3d544145  74616573  45530030  4f495353    E A T = s e a t 0 . S E S S I O 
[7ffff590]    5059544e  6e673d45  2d656d6f  73736573    N T Y P E = g n o m e - s e s s 
[7ffff5a0]    006e6f69  534d4447  49535345  753d4e4f    i o n . G D M S E S S I O N = u 
[7ffff5b0]    746e7562  4f430075  5a49504d  4e4f435f    b u n t u . C O M P I Z _ C O N 
[7ffff5c0]    5f474946  464f5250  3d454c49  6e756275    F I G _ P R O F I L E = u b u n 
[7ffff5d0]    49007574  4f435f4d  4749464e  4148505f    t u . I M _ C O N F I G _ P H A 
[7ffff5e0]    313d4553  4e414d00  4f544144  505f5952    S E = 1 . M A N D A T O R Y _ P 
[7ffff5f0]    3d485441  7273752f  6168732f  672f6572    A T H = / u s r / s h a r e / g 
[7ffff600]    666e6f63  7562752f  2e75746e  646e616d    c o n f / u b u n t u . m a n d 
[7ffff610]    726f7461  61702e79  47006874  4c5f4d44    a t o r y . p a t h . G D M _ L 
[7ffff620]    3d474e41  555f6e65  414c0053  653d474e    A N G = e n _ U S . L A N G = e 
[7ffff630]    53555f6e  4654552e  4700382d  454d4f4e    n _ U S . U T F - 8 . G N O M E 
[7ffff640]    59454b5f  474e4952  4449505f  3632313d    _ K E Y R I N G _ P I D = 1 2 6 
[7ffff650]    4d580030  4649444f  53524549  6d69403d    0 . X M O D I F I E R S = @ i m 
[7ffff660]    7562693d  57500073  682f3d44  2f656d6f    = i b u s . P W D = / h o m e / 
[7ffff670]    2f62626a  2f746967  632d646e  61706d6f    j b b / g i t / n d - c o m p a 
[7ffff680]    2f686372  7370696d  6178652d  656c706d    r c h / m i p s - e x a m p l e 
[7ffff690]    4f4a0073  62643d42  51007375  50515f54    s . J O B = d b u s . Q T _ Q P 
[7ffff6a0]    4c505f41  4f465441  48544d52  3d454d45    A _ P L A T F O R M T H E M E = 
[7ffff6b0]    6d707061  2d756e65  00357471  495f5451    a p p m e n u - q t 5 . Q T _ I 
[7ffff6c0]    4f4d5f4d  454c5544  7562693d  45440073    M _ M O D U L E = i b u s . D E 
[7ffff6d0]    4f544b53  45535f50  4f495353  62753d4e    S K T O P _ S E S S I O N = u b 
[7ffff6e0]    75746e75  54415000  682f3d48  2f656d6f    u n t u . P A T H = / h o m e / 
[7ffff6f0]    2f62626a  2f63676d  65626d65  64656464    j b b / m g c / e m b e d d e d 
[7ffff700]    646f632f  6e656265  622f6863  2f3a6e69    / c o d e b e n c h / b i n : / 
[7ffff710]    656d6f68  62626a2f  6e69622f  6f682f3a    h o m e / j b b / b i n : / h o 
[7ffff720]    6a2f656d  6d2f6262  652f6367  6465626d    m e / j b b / m g c / e m b e d 
[7ffff730]    2f646564  65646f63  636e6562  69622f68    d e d / c o d e b e n c h / b i 
[7ffff740]    752f3a6e  6c2f7273  6c61636f  6962732f    n : / u s r / l o c a l / s b i 
[7ffff750]    752f3a6e  6c2f7273  6c61636f  6e69622f    n : / u s r / l o c a l / b i n 
[7ffff760]    73752f3a  62732f72  2f3a6e69  2f727375    : / u s r / s b i n : / u s r / 
[7ffff770]    3a6e6962  6962732f  622f3a6e  2f3a6e69    b i n : / s b i n : / b i n : / 
[7ffff780]    2f727375  656d6167  752f3a73  6c2f7273    u s r / g a m e s : / u s r / l 
[7ffff790]    6c61636f  6d61672f  58007365  435f4744    o c a l / g a m e s . X D G _ C 
[7ffff7a0]    49464e4f  49445f47  2f3d5352  2f637465    O N F I G _ D I R S = / e t c / 
[7ffff7b0]    2f676478  2d676478  6e756275  2f3a7574    x d g / x d g - u b u n t u : / 
[7ffff7c0]    2f727375  72616873  70752f65  72617473    u s r / s h a r e / u p s t a r 
[7ffff7d0]    64782f74  652f3a67  782f6374  44006764    t / x d g : / e t c / x d g . D 
[7ffff7e0]    55414645  5f53544c  48544150  73752f3d    E F A U L T S _ P A T H = / u s 
[7ffff7f0]    68732f72  2f657261  6e6f6367  62752f66    r / s h a r e / g c o n f / u b 
[7ffff800]    75746e75  6665642e  746c7561  7461702e    u n t u . d e f a u l t . p a t 
[7ffff810]    45530068  4f495353  414d5f4e  4547414e    h . S E S S I O N _ M A N A G E 
[7ffff820]    6f6c3d52  2f6c6163  2d62626a  74726956    R = l o c a l / j b b - V i r t 
[7ffff830]    426c6175  403a786f  706d742f  43492e2f    u a l B o x : @ / t m p / . I C 
[7ffff840]    6e752d45  312f7869  2c323333  78696e75    E - u n i x / 1 3 3 2 , u n i x 
[7ffff850]    62626a2f  7269562d  6c617574  3a786f42    / j b b - V i r t u a l B o x : 
[7ffff860]    706d742f  43492e2f  6e752d45  312f7869    / t m p / . I C E - u n i x / 1 
[7ffff870]    00323333  5f485353  48545541  434f535f    3 3 2 . S S H _ A U T H _ S O C 
[7ffff880]    722f3d4b  752f6e75  2f726573  30303031    K = / r u n / u s e r / 1 0 0 0 
[7ffff890]    79656b2f  676e6972  55664e2d  2f314c4e    / k e y r i n g - N f U N L 1 / 
[7ffff8a0]    00687373  5f474458  54414553  5441505f    s s h . X D G _ S E A T _ P A T 
[7ffff8b0]    6f2f3d48  662f6772  64656572  746b7365    H = / o r g / f r e e d e s k t 
[7ffff8c0]    442f706f  6c707369  614d7961  6567616e    o p / D i s p l a y M a n a g e 
[7ffff8d0]    65532f72  00307461  5f474458  53534553    r / S e a t 0 . X D G _ S E S S 
[7ffff8e0]    5f4e4f49  48544150  726f2f3d  72662f67    I O N _ P A T H = / o r g / f r 
[7ffff8f0]    65646565  6f746b73  69442f70  616c7073    e e d e s k t o p / D i s p l a 
[7ffff900]    6e614d79  72656761  7365532f  6e6f6973    y M a n a g e r / S e s s i o n 
[7ffff910]    534c0030  4c4f435f  3d53524f  303d7372    0 . L S _ C O L O R S = r s = 0 
[7ffff920]    3d69643a  333b3130  6e6c3a34  3b31303d    : d i = 0 1 ; 3 4 : l n = 0 1 ; 
[7ffff930]    6d3a3633  30303d68  3d69703a  333b3034    3 6 : m h = 0 0 : p i = 4 0 ; 3 
[7ffff940]    6f733a33  3b31303d  643a3533  31303d6f    3 : s o = 0 1 ; 3 5 : d o = 0 1 
[7ffff950]    3a35333b  343d6462  33333b30  3a31303b    ; 3 5 : b d = 4 0 ; 3 3 ; 0 1 : 
[7ffff960]    343d6463  33333b30  3a31303b  343d726f    c d = 4 0 ; 3 3 ; 0 1 : o r = 4 
[7ffff970]    31333b30  3a31303b  333d7573  31343b37    0 ; 3 1 ; 0 1 : s u = 3 7 ; 4 1 
[7ffff980]    3d67733a  343b3033  61633a33  3b30333d    : s g = 3 0 ; 4 3 : c a = 3 0 ; 
[7ffff990]    743a3134  30333d77  3a32343b  333d776f    4 1 : t w = 3 0 ; 4 2 : o w = 3 
[7ffff9a0]    32343b34  3d74733a  343b3733  78653a34    4 ; 4 2 : s t = 3 7 ; 4 4 : e x 
[7ffff9b0]    3b31303d  2a3a3233  7261742e  3b31303d    = 0 1 ; 3 2 : * . t a r = 0 1 ; 
[7ffff9c0]    2a3a3133  7a67742e  3b31303d  2a3a3133    3 1 : * . t g z = 0 1 ; 3 1 : * 
[7ffff9d0]    6a72612e  3b31303d  2a3a3133  7a61742e    . a r j = 0 1 ; 3 1 : * . t a z 
[7ffff9e0]    3b31303d  2a3a3133  687a6c2e  3b31303d    = 0 1 ; 3 1 : * . l z h = 0 1 ; 
[7ffff9f0]    2a3a3133  6d7a6c2e  31303d61  3a31333b    3 1 : * . l z m a = 0 1 ; 3 1 : 
[7ffffa00]    6c742e2a  31303d7a  3a31333b  78742e2a    * . t l z = 0 1 ; 3 1 : * . t x 
[7ffffa10]    31303d7a  3a31333b  697a2e2a  31303d70    z = 0 1 ; 3 1 : * . z i p = 0 1 
[7ffffa20]    3a31333b  3d7a2e2a  333b3130  2e2a3a31    ; 3 1 : * . z = 0 1 ; 3 1 : * . 
[7ffffa30]    31303d5a  3a31333b  7a642e2a  3b31303d    Z = 0 1 ; 3 1 : * . d z = 0 1 ; 
[7ffffa40]    2a3a3133  3d7a672e  333b3130  2e2a3a31    3 1 : * . g z = 0 1 ; 3 1 : * . 
[7ffffa50]    303d7a6c  31333b31  782e2a3a  31303d7a    l z = 0 1 ; 3 1 : * . x z = 0 1 
[7ffffa60]    3a31333b  7a622e2a  31303d32  3a31333b    ; 3 1 : * . b z 2 = 0 1 ; 3 1 : 
[7ffffa70]    7a622e2a  3b31303d  2a3a3133  7a62742e    * . b z = 0 1 ; 3 1 : * . t b z 
[7ffffa80]    3b31303d  2a3a3133  7a62742e  31303d32    = 0 1 ; 3 1 : * . t b z 2 = 0 1 
[7ffffa90]    3a31333b  7a742e2a  3b31303d  2a3a3133    ; 3 1 : * . t z = 0 1 ; 3 1 : * 
[7ffffaa0]    6265642e  3b31303d  2a3a3133  6d70722e    . d e b = 0 1 ; 3 1 : * . r p m 
[7ffffab0]    3b31303d  2a3a3133  72616a2e  3b31303d    = 0 1 ; 3 1 : * . j a r = 0 1 ; 
[7ffffac0]    2a3a3133  7261772e  3b31303d  2a3a3133    3 1 : * . w a r = 0 1 ; 3 1 : * 
[7ffffad0]    7261652e  3b31303d  2a3a3133  7261732e    . e a r = 0 1 ; 3 1 : * . s a r 
[7ffffae0]    3b31303d  2a3a3133  7261722e  3b31303d    = 0 1 ; 3 1 : * . r a r = 0 1 ; 
[7ffffaf0]    2a3a3133  6563612e  3b31303d  2a3a3133    3 1 : * . a c e = 0 1 ; 3 1 : * 
[7ffffb00]    6f6f7a2e  3b31303d  2a3a3133  6970632e    . z o o = 0 1 ; 3 1 : * . c p i 
[7ffffb10]    31303d6f  3a31333b  7a372e2a  3b31303d    o = 0 1 ; 3 1 : * . 7 z = 0 1 ; 
[7ffffb20]    2a3a3133  3d7a722e  333b3130  2e2a3a31    3 1 : * . r z = 0 1 ; 3 1 : * . 
[7ffffb30]    3d67706a  333b3130  2e2a3a35  6765706a    j p g = 0 1 ; 3 5 : * . j p e g 
[7ffffb40]    3b31303d  2a3a3533  6669672e  3b31303d    = 0 1 ; 3 5 : * . g i f = 0 1 ; 
[7ffffb50]    2a3a3533  706d622e  3b31303d  2a3a3533    3 5 : * . b m p = 0 1 ; 3 5 : * 
[7ffffb60]    6d62702e  3b31303d  2a3a3533  6d67702e    . p b m = 0 1 ; 3 5 : * . p g m 
[7ffffb70]    3b31303d  2a3a3533  6d70702e  3b31303d    = 0 1 ; 3 5 : * . p p m = 0 1 ; 
[7ffffb80]    2a3a3533  6167742e  3b31303d  2a3a3533    3 5 : * . t g a = 0 1 ; 3 5 : * 
[7ffffb90]    6d62782e  3b31303d  2a3a3533  6d70782e    . x b m = 0 1 ; 3 5 : * . x p m 
[7ffffba0]    3b31303d  2a3a3533  6669742e  3b31303d    = 0 1 ; 3 5 : * . t i f = 0 1 ; 
[7ffffbb0]    2a3a3533  6669742e  31303d66  3a35333b    3 5 : * . t i f f = 0 1 ; 3 5 : 
[7ffffbc0]    6e702e2a  31303d67  3a35333b  76732e2a    * . p n g = 0 1 ; 3 5 : * . s v 
[7ffffbd0]    31303d67  3a35333b  76732e2a  303d7a67    g = 0 1 ; 3 5 : * . s v g z = 0 
[7ffffbe0]    35333b31  6d2e2a3a  303d676e  35333b31    1 ; 3 5 : * . m n g = 0 1 ; 3 5 
[7ffffbf0]    702e2a3a  303d7863  35333b31  6d2e2a3a    : * . p c x = 0 1 ; 3 5 : * . m 
[7ffffc00]    303d766f  35333b31  6d2e2a3a  303d6770    o v = 0 1 ; 3 5 : * . m p g = 0 
[7ffffc10]    35333b31  6d2e2a3a  3d676570  333b3130    1 ; 3 5 : * . m p e g = 0 1 ; 3 
[7ffffc20]    2e2a3a35  3d76326d  333b3130  2e2a3a35    5 : * . m 2 v = 0 1 ; 3 5 : * . 
[7ffffc30]    3d766b6d  333b3130  2e2a3a35  6d626577    m k v = 0 1 ; 3 5 : * . w e b m 
[7ffffc40]    3b31303d  2a3a3533  6d676f2e  3b31303d    = 0 1 ; 3 5 : * . o g m = 0 1 ; 
[7ffffc50]    2a3a3533  34706d2e  3b31303d  2a3a3533    3 5 : * . m p 4 = 0 1 ; 3 5 : * 
[7ffffc60]    76346d2e  3b31303d  2a3a3533  34706d2e    . m 4 v = 0 1 ; 3 5 : * . m p 4 
[7ffffc70]    31303d76  3a35333b  6f762e2a  31303d62    v = 0 1 ; 3 5 : * . v o b = 0 1 
[7ffffc80]    3a35333b  74712e2a  3b31303d  2a3a3533    ; 3 5 : * . q t = 0 1 ; 3 5 : * 
[7ffffc90]    76756e2e  3b31303d  2a3a3533  766d772e    . n u v = 0 1 ; 3 5 : * . w m v 
[7ffffca0]    3b31303d  2a3a3533  6673612e  3b31303d    = 0 1 ; 3 5 : * . a s f = 0 1 ; 
[7ffffcb0]    2a3a3533  3d6d722e  333b3130  2e2a3a35    3 5 : * . r m = 0 1 ; 3 5 : * . 
[7ffffcc0]    62766d72  3b31303d  2a3a3533  636c662e    r m v b = 0 1 ; 3 5 : * . f l c 
[7ffffcd0]    3b31303d  2a3a3533  6976612e  3b31303d    = 0 1 ; 3 5 : * . a v i = 0 1 ; 
[7ffffce0]    2a3a3533  696c662e  3b31303d  2a3a3533    3 5 : * . f l i = 0 1 ; 3 5 : * 
[7ffffcf0]    766c662e  3b31303d  2a3a3533  3d6c672e    . f l v = 0 1 ; 3 5 : * . g l = 
[7ffffd00]    333b3130  2e2a3a35  303d6c64  35333b31    0 1 ; 3 5 : * . d l = 0 1 ; 3 5 
[7ffffd10]    782e2a3a  303d6663  35333b31  782e2a3a    : * . x c f = 0 1 ; 3 5 : * . x 
[7ffffd20]    303d6477  35333b31  792e2a3a  303d7675    w d = 0 1 ; 3 5 : * . y u v = 0 
[7ffffd30]    35333b31  632e2a3a  303d6d67  35333b31    1 ; 3 5 : * . c g m = 0 1 ; 3 5 
[7ffffd40]    652e2a3a  303d666d  35333b31  612e2a3a    : * . e m f = 0 1 ; 3 5 : * . a 
[7ffffd50]    303d7678  35333b31  612e2a3a  303d786e    x v = 0 1 ; 3 5 : * . a n x = 0 
[7ffffd60]    35333b31  6f2e2a3a  303d7667  35333b31    1 ; 3 5 : * . o g v = 0 1 ; 3 5 
[7ffffd70]    6f2e2a3a  303d7867  35333b31  612e2a3a    : * . o g x = 0 1 ; 3 5 : * . a 
[7ffffd80]    303d6361  36333b30  612e2a3a  30303d75    a c = 0 0 ; 3 6 : * . a u = 0 0 
[7ffffd90]    3a36333b  6c662e2a  303d6361  36333b30    ; 3 6 : * . f l a c = 0 0 ; 3 6 
[7ffffda0]    6d2e2a3a  303d6469  36333b30  6d2e2a3a    : * . m i d = 0 0 ; 3 6 : * . m 
[7ffffdb0]    3d696469  333b3030  2e2a3a36  3d616b6d    i d i = 0 0 ; 3 6 : * . m k a = 
[7ffffdc0]    333b3030  2e2a3a36  3d33706d  333b3030    0 0 ; 3 6 : * . m p 3 = 0 0 ; 3 
[7ffffdd0]    2e2a3a36  3d63706d  333b3030  2e2a3a36    6 : * . m p c = 0 0 ; 3 6 : * . 
[7ffffde0]    3d67676f  333b3030  2e2a3a36  303d6172    o g g = 0 0 ; 3 6 : * . r a = 0 
[7ffffdf0]    36333b30  772e2a3a  303d7661  36333b30    0 ; 3 6 : * . w a v = 0 0 ; 3 6 
[7ffffe00]    612e2a3a  303d6178  36333b30  6f2e2a3a    : * . a x a = 0 0 ; 3 6 : * . o 
[7ffffe10]    303d6167  36333b30  732e2a3a  303d7870    g a = 0 0 ; 3 6 : * . s p x = 0 
[7ffffe20]    36333b30  782e2a3a  3d667073  333b3030    0 ; 3 6 : * . x s p f = 0 0 ; 3 
[7ffffe30]    55003a36  3d524553  0062626a  5f4b5447    6 : . U S E R = j b b . G T K _ 
[7ffffe40]    55444f4d  3d53454c  7265766f  2d79616c    M O D U L E S = o v e r l a y - 
[7ffffe50]    6f726373  61626c6c  6e753a72  2d797469    s c r o l l b a r : u n i t y - 
[7ffffe60]    2d6b7467  75646f6d  4700656c  454d4f4e    g t k - m o d u l e . G N O M E 
[7ffffe70]    59454b5f  474e4952  4e4f435f  4c4f5254    _ K E Y R I N G _ C O N T R O L 
[7ffffe80]    75722f3d  73752f6e  312f7265  2f303030    = / r u n / u s e r / 1 0 0 0 / 
[7ffffe90]    7279656b  2d676e69  4e55664e  5500314c    k e y r i n g - N f U N L 1 . U 
[7ffffea0]    41545350  535f5452  49535345  753d4e4f    P S T A R T _ S E S S I O N = u 
[7ffffeb0]    3a78696e  74736261  74636172  6f632f3d    n i x : a b s t r a c t = / c o 
[7ffffec0]    62752f6d  75746e75  7370752f  74726174    m / u b u n t u / u p s t a r t 
[7ffffed0]    7365732d  6e6f6973  3030312f  31312f30    - s e s s i o n / 1 0 0 0 / 1 1 
[7ffffee0]    4f003331  5750444c  682f3d44  2f656d6f    1 3 . O L D P W D = / h o m e / 
[7ffffef0]    0062626a  444e4957  4449574f  3331373d    j b b . W I N D O W I D = 7 1 3 
[7fffff00]    37313330  54560039  45565f45  4f495352    0 3 1 7 9 . V T E _ V E R S I O 
[7fffff10]    34333d4e  58003930  4d5f4744  5f554e45    N = 3 4 0 9 . X D G _ M E N U _ 
[7fffff20]    46455250  673d5849  656d6f6e  4853002d    P R E F I X = g n o m e - . S H 
[7fffff30]    3d4c4c45  6e69622f  7361622f  45540068    E L L = / b i n / b a s h . T E 
[7fffff40]    783d4d52  6d726574  47504700  4547415f    R M = x t e r m . G P G _ A G E 
[7fffff50]    495f544e  3d4f464e  6e75722f  6573752f    N T _ I N F O = / r u n / u s e 
[7fffff60]    30312f72  6b2f3030  69727965  4e2d676e    r / 1 0 0 0 / k e y r i n g - N 
[7fffff70]    4c4e5566  70672f31  3a303a67  45530031    f U N L 1 / g p g : 0 : 1 . S E 
[7fffff80]    4f495353  62753d4e  75746e75  47445800    S S I O N = u b u n t u . X D G 
[7fffff90]    4552475f  52455445  5441445f  49445f41    _ G R E E T E R _ D A T A _ D I 
[7fffffa0]    762f3d52  6c2f7261  6c2f6269  74686769    R = / v a r / l i b / l i g h t 
[7fffffb0]    642d6d64  2f617461  0062626a  494c4553    d m - d a t a / j b b . S E L I 
[7fffffc0]    5f58554e  54494e49  5345593d  554c4300    N U X _ I N I T = Y E S . C L U 
[7fffffd0]    52455454  5f4d495f  55444f4d  783d454c    T T E R _ I M _ M O D U L E = x 
[7fffffe0]    58006d69  535f4744  49535345  495f4e4f    i m . X D G _ S E S S I O N _ I 
[7ffffff0]    31633d44  47445800  4e54565f  00373d52    D = c 1 . X D G _ V T N R = 7 . 


Kernel data segment [90000000]..[90010000]
[90000000]    78452020  74706563  206e6f69  636f2000        E x c e p t i o n   .   o c 
[90000010]    72727563  61206465  6920646e  726f6e67    c u r r e d   a n d   i g n o r 
[90000020]    000a6465  495b2020  7265746e  74707572    e d . .     [ I n t e r r u p t 
[90000030]    2000205d  4c545b20  20005d42  4c545b20    ]   .     [ T L B ] .     [ T L 
[90000040]    20005d42  4c545b20  20005d42  64415b20    B ] .     [ T L B ] .     [ A d 
[90000050]    73657264  72652073  20726f72  69206e69    d r e s s   e r r o r   i n   i 
[90000060]    2f74736e  61746164  74656620  205d6863    n s t / d a t a   f e t c h ]   
[90000070]    5b202000  72646441  20737365  6f727265    .     [ A d d r e s s   e r r o 
[90000080]    6e692072  6f747320  205d6572  5b202000    r   i n   s t o r e ]   .     [ 
[90000090]    20646142  74736e69  74637572  206e6f69    B a d   i n s t r u c t i o n   
[900000a0]    72646461  5d737365  20200020  6461425b    a d d r e s s ]   .     [ B a d 
[900000b0]    74616420  64612061  73657264  00205d73      d a t a   a d d r e s s ]   . 
[900000c0]    455b2020  726f7272  206e6920  63737973        [ E r r o r   i n   s y s c 
[900000d0]    5d6c6c61  20200020  6572425b  6f706b61    a l l ]   .     [ B r e a k p o 
[900000e0]    5d746e69  20200020  7365525b  65767265    i n t ]   .     [ R e s e r v e 
[900000f0]    6e692064  75727473  6f697463  00205d6e    d   i n s t r u c t i o n ]   . 
[90000100]    5b202000  74697241  74656d68  6f206369    .     [ A r i t h m e t i c   o 
[90000110]    66726576  5d776f6c  20200020  6172545b    v e r f l o w ]   .     [ T r a 
[90000120]    00205d70  5b202000  616f6c46  676e6974    p ]   . .     [ F l o a t i n g 
[90000130]    696f7020  205d746e  20000000  6f435b20      p o i n t ]   . . .     [ C o 
[90000140]    636f7270  005d3220  20000000  444d5b20    p r o c   2 ] . . . .     [ M D 
[90000150]    005d584d  575b2020  68637461  2020005d    M X ] .     [ W a t c h ] .     
[90000160]    63614d5b  656e6968  65686320  005d6b63    [ M a c h i n e   c h e c k ] . 
[90000170]    00000000  5b202000  68636143  00005d65    . . . . .     [ C a c h e ] . . 
[90000180]    90000024  90000033  9000003b  90000043    $ . . . 3 . . . ; . . . C . . . 
[90000190]    9000004b  90000071  9000008d  900000aa    K . . . q . . . . . . . . . . . 
[900001a0]    900000c0  900000d6  900000e6  90000100    . . . . . . . . . . . . . . . . 
[900001b0]    90000101  9000011a  90000124  90000125    . . . . . . . . $ . . . % . . . 
[900001c0]    90000139  9000013a  9000013b  90000148    9 . . . : . . . ; . . . H . . . 
[900001d0]    90000149  9000014a  9000014b  90000154    I . . . J . . . K . . . T . . . 
[900001e0]    9000015e  90000170  90000171  90000172    ^ . . . p . . . q . . . r . . . 
[900001f0]    90000173  90000174  90000175  9000017f    s . . . t . . . u . . . . . . . 
[90000200]..[9000ffff]  00000000


