User Text Segment [00400000]..[00440000]
[00400000] 8fa40000  lw $4, 0($29)            ; 183: lw $a0 0($sp) # argc 
[00400004] 27a50004  addiu $5, $29, 4         ; 184: addiu $a1 $sp 4 # argv 
[00400008] 24a60004  addiu $6, $5, 4          ; 185: addiu $a2 $a1 4 # envp 
[0040000c] 00041080  sll $2, $4, 2            ; 186: sll $v0 $a0 2 
[00400010] 00c23021  addu $6, $6, $2          ; 187: addu $a2 $a2 $v0 
[00400014] 0c100009  jal 0x00400024 [main]    ; 188: jal main 
[00400018] 00000000  nop                      ; 189: nop 
[0040001c] 3402000a  ori $2, $0, 10           ; 191: li $v0 10 
[00400020] 0000000c  syscall                  ; 192: syscall # syscall 10 (exit) 
[00400024] 34080001  ori $8, $0, 1            ; 13: ori $8, $0, 1 
[00400028] 10000003  beq $0, $0, 12 [L-0x00400028]; 14: beq $0, $0, L 
[0040002c] 34090002  ori $9, $0, 2            ; 15: ori $9, $0, 2 
[00400030] 340a0003  ori $10, $0, 3           ; 16: ori $10, $0, 3 
[00400034] 340b0004  ori $11, $0, 4           ; 18: ori $11, $0, 4 
[00400038] 3402000a  ori $2, $0, 10           ; 20: ori $v0, $0, 10 
[0040003c] 0000000c  syscall                  ; 21: syscall # exit 

Kernel Text Segment [80000000]..[80010000]
[80000180] 0001d821  addu $27, $0, $1         ; 90: move $k1 $at # Save $at 
[80000184] 3c019000  lui $1, -28672           ; 92: sw $v0 s1 # Not re-entrant and we can't trust $sp 
[80000188] ac220200  sw $2, 512($1)           
[8000018c] 3c019000  lui $1, -28672           ; 93: sw $a0 s2 # But we need to use these registers 
[80000190] ac240204  sw $4, 516($1)           
[80000194] 401a6800  mfc0 $26, $13            ; 95: mfc0 $k0 $13 # Cause register 
[80000198] 001a2082  srl $4, $26, 2           ; 96: srl $a0 $k0 2 # Extract ExcCode Field 
[8000019c] 3084001f  andi $4, $4, 31          ; 97: andi $a0 $a0 0x1f 
[800001a0] 34020004  ori $2, $0, 4            ; 101: li $v0 4 # syscall 4 (print_str) 
[800001a4] 3c049000  lui $4, -28672 [__m1_]   ; 102: la $a0 __m1_ 
[800001a8] 0000000c  syscall                  ; 103: syscall 
[800001ac] 34020001  ori $2, $0, 1            ; 105: li $v0 1 # syscall 1 (print_int) 
[800001b0] 001a2082  srl $4, $26, 2           ; 106: srl $a0 $k0 2 # Extract ExcCode Field 
[800001b4] 3084001f  andi $4, $4, 31          ; 107: andi $a0 $a0 0x1f 
[800001b8] 0000000c  syscall                  ; 108: syscall 
[800001bc] 34020004  ori $2, $0, 4            ; 110: li $v0 4 # syscall 4 (print_str) 
[800001c0] 3344003c  andi $4, $26, 60         ; 111: andi $a0 $k0 0x3c 
[800001c4] 3c019000  lui $1, -28672           ; 112: lw $a0 __excp($a0) 
[800001c8] 00240821  addu $1, $1, $4          
[800001cc] 8c240180  lw $4, 384($1)           
[800001d0] 00000000  nop                      ; 113: nop 
[800001d4] 0000000c  syscall                  ; 114: syscall 
[800001d8] 34010018  ori $1, $0, 24           ; 116: bne $k0 0x18 ok_pc # Bad PC exception requires special checks 
[800001dc] 143a0008  bne $1, $26, 32 [ok_pc-0x800001dc] 
[800001e0] 00000000  nop                      ; 117: nop 
[800001e4] 40047000  mfc0 $4, $14             ; 119: mfc0 $a0 $14 # EPC 
[800001e8] 30840003  andi $4, $4, 3           ; 120: andi $a0 $a0 0x3 # Is EPC word-aligned? 
[800001ec] 10040004  beq $0, $4, 16 [ok_pc-0x800001ec]
[800001f0] 00000000  nop                      ; 122: nop 
[800001f4] 3402000a  ori $2, $0, 10           ; 124: li $v0 10 # Exit on really bad PC 
[800001f8] 0000000c  syscall                  ; 125: syscall 
[800001fc] 34020004  ori $2, $0, 4            ; 128: li $v0 4 # syscall 4 (print_str) 
[80000200] 3c019000  lui $1, -28672 [__m2_]   ; 129: la $a0 __m2_ 
[80000204] 3424000d  ori $4, $1, 13 [__m2_]   
[80000208] 0000000c  syscall                  ; 130: syscall 
[8000020c] 001a2082  srl $4, $26, 2           ; 132: srl $a0 $k0 2 # Extract ExcCode Field 
[80000210] 3084001f  andi $4, $4, 31          ; 133: andi $a0 $a0 0x1f 
[80000214] 14040002  bne $0, $4, 8 [ret-0x80000214]; 134: bne $a0 0 ret # 0 means exception was an interrupt 
[80000218] 00000000  nop                      ; 135: nop 
[8000021c] 401a7000  mfc0 $26, $14            ; 145: mfc0 $k0 $14 # Bump EPC register 
[80000220] 275a0004  addiu $26, $26, 4        ; 146: addiu $k0 $k0 4 # Skip faulting instruction 
[80000224] 409a7000  mtc0 $26, $14            ; 148: mtc0 $k0 $14 
[80000228] 3c019000  lui $1, -28672           ; 153: lw $v0 s1 # Restore other registers 
[8000022c] 8c220200  lw $2, 512($1)           
[80000230] 3c019000  lui $1, -28672           ; 154: lw $a0 s2 
[80000234] 8c240204  lw $4, 516($1)           
[80000238] 001b0821  addu $1, $0, $27         ; 157: move $at $k1 # Restore $at 
[8000023c] 40806800  mtc0 $0, $13             ; 160: mtc0 $0 $13 # Clear Cause register 
[80000240] 401a6000  mfc0 $26, $12            ; 162: mfc0 $k0 $12 # Set Status register 
[80000244] 375a0001  ori $26, $26, 1          ; 163: ori $k0 0x1 # Interrupts enabled 
[80000248] 409a6000  mtc0 $26, $12            ; 164: mtc0 $k0 $12 
[8000024c] 42000018  eret                     ; 167: eret 


User data segment [10000000]..[10040000]
[10000000]..[1003ffff]  00000000


User Stack [7ffffdf8]..[80000000]
[7ffffdf8]    00000000  00000000                        . . . . . . . . 
[7ffffe00]    7fffffc7  7fffffa1  7fffff91  7fffff81    . . . . . . . . . . . . . . . . 
[7ffffe10]    7fffff35  7ffffef3  7ffffed0  7ffffec4    5 . . . . . . . . . . . . . . . 
[7ffffe20]    7ffffe79  7ffffe50  7ffffe47  7ffffe39    y . . . P . . . G . . . 9 . . . 
[7ffffe30]    00000000  00000000  43505800  414c465f    . . . . . . . . . X P C _ F L A 
[7ffffe40]    303d5347  55003078  3d524553  0062626a    G S = 0 x 0 . U S E R = j b b . 
[7ffffe50]    5f435058  56524553  5f454349  454d414e    X P C _ S E R V I C E _ N A M E 
[7ffffe60]    6d6f633d  72616c2e  712e7375  69707374    = c o m . l a r u s . q t s p i 
[7ffffe70]    33312e6d  36333636  53494400  59414c50    m . 1 3 6 6 3 6 . D I S P L A Y 
[7ffffe80]    72702f3d  74617669  6d742f65  6f632f70    = / p r i v a t e / t m p / c o 
[7ffffe90]    70612e6d  2e656c70  6e75616c  2e646863    m . a p p l e . l a u n c h d . 
[7ffffea0]    7a496237  38684335  6f2f7630  6d2e6772    7 b I z 5 C h 8 0 v / o r g . m 
[7ffffeb0]    736f6361  67726f66  71782e65  74726175    a c o s f o r g e . x q u a r t 
[7ffffec0]    00303a7a  4e474f4c  3d454d41  0062626a    z : 0 . L O G N A M E = j b b . 
[7ffffed0]    48544150  73752f3d  69622f72  622f3a6e    P A T H = / u s r / b i n : / b 
[7ffffee0]    2f3a6e69  2f727375  6e696273  62732f3a    i n : / u s r / s b i n : / s b 
[7ffffef0]    53006e69  415f4853  5f485455  4b434f53    i n . S S H _ A U T H _ S O C K 
[7fffff00]    72702f3d  74617669  6d742f65  6f632f70    = / p r i v a t e / t m p / c o 
[7fffff10]    70612e6d  2e656c70  6e75616c  2e646863    m . a p p l e . l a u n c h d . 
[7fffff20]    454a3754  524f4746  4c2f616e  65747369    T 7 J E F G O R n a / L i s t e 
[7fffff30]    7372656e  70704100  505f656c  75536275    n e r s . A p p l e _ P u b S u 
[7fffff40]    6f535f62  74656b63  6e65525f  3d726564    b _ S o c k e t _ R e n d e r = 
[7fffff50]    6972702f  65746176  706d742f  6d6f632f    / p r i v a t e / t m p / c o m 
[7fffff60]    7070612e  6c2e656c  636e7561  6c2e6468    . a p p l e . l a u n c h d . l 
[7fffff70]    6b543175  72324f74  65522f46  7265646e    u 1 T k t O 2 r F / R e n d e r 
[7fffff80]    45485300  2f3d4c4c  2f6e6962  68736162    . S H E L L = / b i n / b a s h 
[7fffff90]    4d4f4800  552f3d45  73726573  62626a2f    . H O M E = / U s e r s / j b b 
[7fffffa0]    435f5f00  53555f46  545f5245  5f545845    . _ _ C F _ U S E R _ T E X T _ 
[7fffffb0]    4f434e45  474e4944  3178303d  303a3546    E N C O D I N G = 0 x 1 F 5 : 0 
[7fffffc0]    303a3078  54003078  4944504d  762f3d52    x 0 : 0 x 0 . T M P D I R = / v 
[7fffffd0]    662f7261  65646c6f  632f7372  72352f6e    a r / f o l d e r s / c n / 5 r 
[7fffffe0]    666e686d  6c326a64  32345f33  716c7a6c    m h n f d j 2 l 3 _ 4 2 l z l q 
[7ffffff0]    776a6277  30306367  6e673030  002f542f    w b j w g c 0 0 0 0 g n / T / . 


Kernel data segment [90000000]..[90010000]
[90000000]    78452020  74706563  206e6f69  636f2000        E x c e p t i o n   .   o c 
[90000010]    72727563  61206465  6920646e  726f6e67    c u r r e d   a n d   i g n o r 
[90000020]    000a6465  495b2020  7265746e  74707572    e d . .     [ I n t e r r u p t 
[90000030]    2000205d  4c545b20  20005d42  4c545b20    ]   .     [ T L B ] .     [ T L 
[90000040]    20005d42  4c545b20  20005d42  64415b20    B ] .     [ T L B ] .     [ A d 
[90000050]    73657264  72652073  20726f72  69206e69    d r e s s   e r r o r   i n   i 
[90000060]    2f74736e  61746164  74656620  205d6863    n s t / d a t a   f e t c h ]   
[90000070]    5b202000  72646441  20737365  6f727265    .     [ A d d r e s s   e r r o 
[90000080]    6e692072  6f747320  205d6572  5b202000    r   i n   s t o r e ]   .     [ 
[90000090]    20646142  74736e69  74637572  206e6f69    B a d   i n s t r u c t i o n   
[900000a0]    72646461  5d737365  20200020  6461425b    a d d r e s s ]   .     [ B a d 
[900000b0]    74616420  64612061  73657264  00205d73      d a t a   a d d r e s s ]   . 
[900000c0]    455b2020  726f7272  206e6920  63737973        [ E r r o r   i n   s y s c 
[900000d0]    5d6c6c61  20200020  6572425b  6f706b61    a l l ]   .     [ B r e a k p o 
[900000e0]    5d746e69  20200020  7365525b  65767265    i n t ]   .     [ R e s e r v e 
[900000f0]    6e692064  75727473  6f697463  00205d6e    d   i n s t r u c t i o n ]   . 
[90000100]    5b202000  74697241  74656d68  6f206369    .     [ A r i t h m e t i c   o 
[90000110]    66726576  5d776f6c  20200020  6172545b    v e r f l o w ]   .     [ T r a 
[90000120]    00205d70  5b202000  616f6c46  676e6974    p ]   . .     [ F l o a t i n g 
[90000130]    696f7020  205d746e  20000000  6f435b20      p o i n t ]   . . .     [ C o 
[90000140]    636f7270  005d3220  20000000  444d5b20    p r o c   2 ] . . . .     [ M D 
[90000150]    005d584d  575b2020  68637461  2020005d    M X ] .     [ W a t c h ] .     
[90000160]    63614d5b  656e6968  65686320  005d6b63    [ M a c h i n e   c h e c k ] . 
[90000170]    00000000  5b202000  68636143  00005d65    . . . . .     [ C a c h e ] . . 
[90000180]    90000024  90000033  9000003b  90000043    $ . . . 3 . . . ; . . . C . . . 
[90000190]    9000004b  90000071  9000008d  900000aa    K . . . q . . . . . . . . . . . 
[900001a0]    900000c0  900000d6  900000e6  90000100    . . . . . . . . . . . . . . . . 
[900001b0]    90000101  9000011a  90000124  90000125    . . . . . . . . $ . . . % . . . 
[900001c0]    90000139  9000013a  9000013b  90000148    9 . . . : . . . ; . . . H . . . 
[900001d0]    90000149  9000014a  9000014b  90000154    I . . . J . . . K . . . T . . . 
[900001e0]    9000015e  90000170  90000171  90000172    ^ . . . p . . . q . . . r . . . 
[900001f0]    90000173  90000174  90000175  9000017f    s . . . t . . . u . . . . . . . 
[90000200]..[9000ffff]  00000000


